<?xml version="1.0" encoding="UTF-8"?>
<testng-results ignored="0" total="1" passed="1" failed="0" skipped="0">
  <reporter-output>
  </reporter-output>
  <suite started-at="2025-09-05T12:11:45 IST" name="GridSuite" finished-at="2025-09-05T12:11:52 IST" duration-ms="6938">
    <groups>
    </groups>
    <test started-at="2025-09-05T12:11:45 IST" name="ChromeTest" finished-at="2025-09-05T12:11:52 IST" duration-ms="6938">
      <class name="TestCases.TC_Search">
        <test-method is-config="true" signature="setup(java.lang.String,java.lang.String)[pri:0, instance:TestCases.TC_Search@55b699ef]" started-at="2025-09-05T12:11:45 IST" name="setup" finished-at="2025-09-05T12:11:49 IST" duration-ms="4076" status="PASS">
          <params>
            <param index="0">
              <value>
                <![CDATA[windows]]>
              </value>
            </param>
            <param index="1">
              <value>
                <![CDATA[chrome]]>
              </value>
            </param>
          </params>
          <reporter-output>
          </reporter-output>
        </test-method> <!-- setup -->
        <test-method signature="search()[pri:0, instance:TestCases.TC_Search@55b699ef]" started-at="2025-09-05T12:11:49 IST" name="search" finished-at="2025-09-05T12:11:51 IST" duration-ms="2342" status="PASS">
          <reporter-output>
          </reporter-output>
        </test-method> <!-- search -->
        <test-method is-config="true" signature="teardown()[pri:0, instance:TestCases.TC_Search@55b699ef]" started-at="2025-09-05T12:11:51 IST" name="teardown" finished-at="2025-09-05T12:11:52 IST" duration-ms="435" status="PASS">
          <reporter-output>
          </reporter-output>
        </test-method> <!-- teardown -->
      </class> <!-- TestCases.TC_Search -->
    </test> <!-- ChromeTest -->
  </suite> <!-- GridSuite -->
</testng-results>
