<?xml version="1.0" encoding="UTF-8"?>
<testng-results ignored="0" total="2" passed="2" failed="0" skipped="0">
  <reporter-output>
  </reporter-output>
  <suite started-at="2025-09-05T00:13:18 IST" name="GridSuite" finished-at="2025-09-05T00:13:49 IST" duration-ms="31106">
    <groups>
    </groups>
    <test started-at="2025-09-05T00:13:18 IST" name="ChromeTest" finished-at="2025-09-05T00:13:46 IST" duration-ms="28046">
      <class name="TestCases.TC_Search">
        <test-method is-config="true" signature="setup(java.lang.String,java.lang.String)[pri:0, instance:TestCases.TC_Search@b3ca52e]" started-at="2025-09-05T00:13:18 IST" name="setup" finished-at="2025-09-05T00:13:39 IST" duration-ms="20849" status="PASS">
          <params>
            <param index="0">
              <value>
                <![CDATA[linux]]>
              </value>
            </param>
            <param index="1">
              <value>
                <![CDATA[chrome]]>
              </value>
            </param>
          </params>
          <reporter-output>
          </reporter-output>
        </test-method> <!-- setup -->
        <test-method signature="search()[pri:0, instance:TestCases.TC_Search@b3ca52e]" started-at="2025-09-05T00:13:39 IST" name="search" finished-at="2025-09-05T00:13:46 IST" duration-ms="6845" status="PASS">
          <reporter-output>
          </reporter-output>
        </test-method> <!-- search -->
        <test-method is-config="true" signature="teardown()[pri:0, instance:TestCases.TC_Search@b3ca52e]" started-at="2025-09-05T00:13:46 IST" name="teardown" finished-at="2025-09-05T00:13:46 IST" duration-ms="293" status="PASS">
          <reporter-output>
          </reporter-output>
        </test-method> <!-- teardown -->
      </class> <!-- TestCases.TC_Search -->
    </test> <!-- ChromeTest -->
    <test started-at="2025-09-05T00:13:18 IST" name="FirefoxTest" finished-at="2025-09-05T00:13:49 IST" duration-ms="31105">
      <class name="TestCases.TC_Search">
        <test-method is-config="true" signature="setup(java.lang.String,java.lang.String)[pri:0, instance:TestCases.TC_Search@6a2f6f80]" started-at="2025-09-05T00:13:18 IST" name="setup" finished-at="2025-09-05T00:13:46 IST" duration-ms="27376" status="PASS">
          <params>
            <param index="0">
              <value>
                <![CDATA[linux]]>
              </value>
            </param>
            <param index="1">
              <value>
                <![CDATA[firefox]]>
              </value>
            </param>
          </params>
          <reporter-output>
          </reporter-output>
        </test-method> <!-- setup -->
        <test-method signature="search()[pri:0, instance:TestCases.TC_Search@6a2f6f80]" started-at="2025-09-05T00:13:46 IST" name="search" finished-at="2025-09-05T00:13:48 IST" duration-ms="2457" status="PASS">
          <reporter-output>
          </reporter-output>
        </test-method> <!-- search -->
        <test-method is-config="true" signature="teardown()[pri:0, instance:TestCases.TC_Search@6a2f6f80]" started-at="2025-09-05T00:13:48 IST" name="teardown" finished-at="2025-09-05T00:13:49 IST" duration-ms="1228" status="PASS">
          <reporter-output>
          </reporter-output>
        </test-method> <!-- teardown -->
      </class> <!-- TestCases.TC_Search -->
    </test> <!-- FirefoxTest -->
  </suite> <!-- GridSuite -->
</testng-results>
